<?xml version="1.0" encoding="UTF-8" ?>
<testsuite tests="1" failures="0" name="com.yuhui.OSSTest" time="1.015" errors="0" skipped="0">
  <properties>
    <property name="idea.version" value="2022.2.2"/>
    <property name="java.runtime.name" value="Java(TM) SE Runtime Environment"/>
    <property name="sun.boot.library.path" value="D:\develop2\jdk8\jre\bin"/>
    <property name="java.vm.version" value="25.331-b09"/>
    <property name="java.vm.vendor" value="Oracle Corporation"/>
    <property name="maven.multiModuleProjectDirectory" value="D:\Java\items\YHBlog"/>
    <property name="java.vendor.url" value="http://java.oracle.com/"/>
    <property name="path.separator" value=";"/>
    <property name="guice.disable.misplaced.annotation.check" value="true"/>
    <property name="java.vm.name" value="Java HotSpot(TM) 64-Bit Server VM"/>
    <property name="file.encoding.pkg" value="sun.io"/>
    <property name="user.script" value=""/>
    <property name="user.country" value="CN"/>
    <property name="sun.java.launcher" value="SUN_STANDARD"/>
    <property name="sun.os.patch.level" value=""/>
    <property name="java.vm.specification.name" value="Java Virtual Machine Specification"/>
    <property name="user.dir" value="D:\Java\items\YHBlog"/>
    <property name="java.runtime.version" value="1.8.0_331-b09"/>
    <property name="java.awt.graphicsenv" value="sun.awt.Win32GraphicsEnvironment"/>
    <property name="java.endorsed.dirs" value="D:\develop2\jdk8\jre\lib\endorsed"/>
    <property name="os.arch" value="amd64"/>
    <property name="java.io.tmpdir" value="C:\Users\范东凯\AppData\Local\Temp\"/>
    <property name="line.separator" value="
"/>
    <property name="java.vm.specification.vendor" value="Oracle Corporation"/>
    <property name="user.variant" value=""/>
    <property name="os.name" value="Windows 10"/>
    <property name="maven.ext.class.path" value="D:\develop\IDEA\IntelliJ IDEA 2022.2.2\plugins\maven\lib\maven-event-listener.jar"/>
    <property name="classworlds.conf" value="D:\Java\JavaWeb\apache-maven-3.6.1\bin\m2.conf"/>
    <property name="sun.jnu.encoding" value="GBK"/>
    <property name="java.library.path" value="D:\develop2\jdk8\bin;C:\Windows\Sun\Java\bin;C:\Windows\system32;C:\Windows;D:\VMware\bin\;D:\develop2\jdk8\bin;C:\Windows\system32;C:\Windows;C:\Windows\System32\Wbem;C:\Windows\System32\WindowsPowerShell\v1.0\;C:\Windows\System32\OpenSSH\;D:\x86_64-8.1.0-release-posix-sjlj-rt_v6-rev0.7z\mingw64\bin;D:\MySQL\MySQL Server 8.0\bin;D:\Java\JavaWeb\apache-maven-3.6.1\bin;D:\Git\Git\cmd;D:\新建文件夹 (2)\;D:\Nodejs\;D:\develop2\jmeter\apache-jmeter-5.5\bin;D:\MySQL\MySQL Shell 8.0\bin\;C:\Users\范东凯\AppData\Local\Microsoft\WindowsApps;D:\develop\WebStorm\WebStorm 2022.2.3\bin;;D:\Nodejs\node_global;D:\Java\JavaWeb\apache-maven-3.6.1\bin;;."/>
    <property name="maven.conf" value="D:\Java\JavaWeb\apache-maven-3.6.1/conf"/>
    <property name="java.specification.name" value="Java Platform API Specification"/>
    <property name="java.class.version" value="52.0"/>
    <property name="sun.management.compiler" value="HotSpot 64-Bit Tiered Compilers"/>
    <property name="maven.repo.local" value="D:\Java\JavaWeb\apache-maven-3.6.1\mvn_resp"/>
    <property name="os.version" value="10.0"/>
    <property name="user.home" value="C:\Users\范东凯"/>
    <property name="user.timezone" value="Asia/Shanghai"/>
    <property name="java.awt.printerjob" value="sun.awt.windows.WPrinterJob"/>
    <property name="java.specification.version" value="1.8"/>
    <property name="file.encoding" value="UTF-8"/>
    <property name="user.name" value="范东凯"/>
    <property name="java.class.path" value="D:\Java\JavaWeb\apache-maven-3.6.1\boot\plexus-classworlds-2.6.0.jar;D:\develop\IDEA\IntelliJ IDEA 2022.2.2\lib\idea_rt.jar"/>
    <property name="java.vm.specification.version" value="1.8"/>
    <property name="sun.arch.data.model" value="64"/>
    <property name="java.home" value="D:\develop2\jdk8\jre"/>
    <property name="sun.java.command" value="org.codehaus.classworlds.Launcher -Didea.version=2022.2.2 -s D:\Java\JavaWeb\apache-maven-3.6.1\conf\settings.xml -Dmaven.repo.local=D:\Java\JavaWeb\apache-maven-3.6.1\mvn_resp install"/>
    <property name="java.specification.vendor" value="Oracle Corporation"/>
    <property name="user.language" value="zh"/>
    <property name="awt.toolkit" value="sun.awt.windows.WToolkit"/>
    <property name="java.vm.info" value="mixed mode"/>
    <property name="java.version" value="1.8.0_331"/>
    <property name="java.ext.dirs" value="D:\develop2\jdk8\jre\lib\ext;C:\Windows\Sun\Java\lib\ext"/>
    <property name="sun.boot.class.path" value="D:\develop2\jdk8\jre\lib\resources.jar;D:\develop2\jdk8\jre\lib\rt.jar;D:\develop2\jdk8\jre\lib\sunrsasign.jar;D:\develop2\jdk8\jre\lib\jsse.jar;D:\develop2\jdk8\jre\lib\jce.jar;D:\develop2\jdk8\jre\lib\charsets.jar;D:\develop2\jdk8\jre\lib\jfr.jar;D:\develop2\jdk8\jre\classes"/>
    <property name="java.vendor" value="Oracle Corporation"/>
    <property name="maven.home" value="D:\Java\JavaWeb\apache-maven-3.6.1"/>
    <property name="file.separator" value="\"/>
    <property name="java.vendor.url.bug" value="http://bugreport.sun.com/bugreport/"/>
    <property name="sun.cpu.endian" value="little"/>
    <property name="sun.io.unicode.encoding" value="UnicodeLittle"/>
    <property name="sun.desktop" value="windows"/>
    <property name="sun.cpu.isalist" value="amd64"/>
  </properties>
  <testcase classname="com.yuhui.OSSTest" name="com.yuhui.OSSTest.testOss" time="1.015"/>
</testsuite>